<?xml version="1.0" encoding="UTF-8"?>
<!-- Generated by org.testng.reporters.JUnitXMLReporter -->
<testsuite ignored="0" hostname="Nishkarsh" failures="0" tests="7" name="ChromeTest" time="41.857" errors="0" timestamp="2025-06-24T12:46:26 IST">
  <testcase classname="TestCases.herokuapp_Local" name="ValidLogin" time="5.071"/>
  <testcase classname="TestCases.herokuapp_Local" name="ValidLogin" time="5.277"/>
  <testcase classname="TestCases.herokuapp_Local" name="ValidLogin" time="5.333"/>
  <testcase classname="TestCases.herokuapp_Local" name="ValidLogin" time="5.097"/>
  <testcase classname="TestCases.herokuapp_Local" name="ValidLogin" time="5.274"/>
  <testcase classname="TestCases.herokuapp_Local" name="inValidLogin" time="5.051"/>
  <testcase classname="TestCases.herokuapp_Local" name="JsAlert" time="4.323"/>
</testsuite> <!-- ChromeTest -->
