<?xml version="1.0" encoding="UTF-8"?>
<!-- Generated by org.testng.reporters.JUnitXMLReporter -->
<testsuite ignored="0" hostname="Nishkarsh" failures="0" tests="6" name="edgeTest" time="9.787" errors="0" timestamp="2025-06-25T14:56:46 IST">
  <testcase classname="TestCases.herokuapp_Local" name="TestLogin" time="0.0">
    <skipped/>
  </testcase> <!-- TestLogin -->
  <testcase classname="TestCases.herokuapp_Local" name="TestLogin" time="0.001">
    <skipped/>
  </testcase> <!-- TestLogin -->
  <testcase classname="TestCases.herokuapp_Local" name="TestLogin" time="0.0">
    <skipped/>
  </testcase> <!-- TestLogin -->
  <testcase classname="TestCases.herokuapp_Local" name="TestLogin" time="0.0">
    <skipped/>
  </testcase> <!-- TestLogin -->
  <testcase classname="TestCases.herokuapp_Local" name="inValidLogin" time="0.0">
    <skipped/>
  </testcase> <!-- inValidLogin -->
  <testcase classname="TestCases.herokuapp_Local" name="JsAlert" time="0.0">
    <skipped/>
  </testcase> <!-- JsAlert -->
</testsuite> <!-- edgeTest -->
