<?xml version="1.0" encoding="UTF-8"?>
<!-- Generated by org.testng.reporters.JUnitXMLReporter -->
<testsuite ignored="0" hostname="Nishkarsh" failures="0" tests="7" name="FirefoxTest" time="53.148" errors="0" timestamp="2025-06-24T12:46:37 IST">
  <testcase classname="TestCases.herokuapp_Local" name="ValidLogin" time="6.301"/>
  <testcase classname="TestCases.herokuapp_Local" name="ValidLogin" time="5.053"/>
  <testcase classname="TestCases.herokuapp_Local" name="ValidLogin" time="5.108"/>
  <testcase classname="TestCases.herokuapp_Local" name="ValidLogin" time="5.097"/>
  <testcase classname="TestCases.herokuapp_Local" name="ValidLogin" time="5.028"/>
  <testcase classname="TestCases.herokuapp_Local" name="inValidLogin" time="5.582"/>
  <testcase classname="TestCases.herokuapp_Local" name="JsAlert" time="4.368"/>
</testsuite> <!-- FirefoxTest -->
