<?xml version="1.0" encoding="UTF-8"?>
<!-- Generated by org.testng.reporters.JUnitXMLReporter -->
<testsuite ignored="0" hostname="mukesh" failures="0" tests="6" name="FirefoxTest" time="85.57" errors="0" timestamp="2025-06-29T11:31:51 IST">
  <testcase classname="TestCases.herokuapp_Local" name="TestLogin" time="5.194"/>
  <testcase classname="TestCases.herokuapp_Local" name="TestLogin" time="5.134"/>
  <testcase classname="TestCases.herokuapp_Local" name="TestLogin" time="5.333"/>
  <testcase classname="TestCases.herokuapp_Local" name="TestLogin" time="13.509"/>
  <testcase classname="TestCases.herokuapp_Local" name="inValidLogin" time="9.797"/>
  <testcase classname="TestCases.herokuapp_Local" name="JsAlert" time="7.35"/>
</testsuite> <!-- FirefoxTest -->
