<?xml version="1.0" encoding="UTF-8"?>
<!-- Generated by org.testng.reporters.JUnitXMLReporter -->
<testsuite ignored="2" hostname="Nishkarsh" failures="0" tests="1" name="Default test" time="4.556" errors="0" timestamp="2025-05-03T12:43:26 IST">
  <testcase classname="TestCases.herokuapp_Local" name="JsAlert" time="3.32"/>
  <testcase classname="TestCases.herokuapp_Local" name="ValidLogin" time="0.0">
    <ignored/>
  </testcase> <!-- ValidLogin -->
  <testcase classname="TestCases.herokuapp_Local" name="inValidLogin" time="0.0">
    <ignored/>
  </testcase> <!-- inValidLogin -->
</testsuite> <!-- Default test -->
