<?xml version="1.0" encoding="UTF-8"?>
<!-- Generated by org.testng.reporters.JUnitXMLReporter -->
<testsuite ignored="0" hostname="Nishkarsh" failures="0" tests="7" name="Default test" time="63.476" errors="0" timestamp="2025-06-23T10:23:53 IST">
  <testcase classname="TestCases.herokuapp_Local" name="ValidLogin" time="13.177"/>
  <testcase classname="TestCases.herokuapp_Local" name="ValidLogin" time="16.889"/>
  <testcase classname="TestCases.herokuapp_Local" name="ValidLogin" time="6.785"/>
  <testcase classname="TestCases.herokuapp_Local" name="ValidLogin" time="4.422"/>
  <testcase classname="TestCases.herokuapp_Local" name="ValidLogin" time="5.061"/>
  <testcase classname="TestCases.herokuapp_Local" name="inValidLogin" time="5.069"/>
  <testcase classname="TestCases.herokuapp_Local" name="JsAlert" time="4.346"/>
</testsuite> <!-- Default test -->
