<?xml version="1.0" encoding="UTF-8"?>
<testng-results ignored="0" total="18" passed="18" failed="0" skipped="0">
  <reporter-output>
  </reporter-output>
  <suite started-at="2025-06-29T11:30:26 IST" name="CrossBrowserSuite" finished-at="2025-06-29T11:31:51 IST" duration-ms="85570">
    <groups>
    </groups>
    <test started-at="2025-06-29T11:30:26 IST" name="ChromeTest" finished-at="2025-06-29T11:31:14 IST" duration-ms="48200">
      <class name="TestCases.herokuapp_Local">
        <test-method is-config="true" signature="setup(java.lang.String,java.lang.String,java.lang.String,java.lang.reflect.Method)[pri:0, instance:TestCases.herokuapp_Local@7b9a4292]" started-at="2025-06-29T11:30:26 IST" name="setup" finished-at="2025-06-29T11:30:28 IST" duration-ms="2819" status="PASS">
          <params>
            <param index="0">
              <value>
                <![CDATA[chrome]]>
              </value>
            </param>
            <param index="1">
              <value>
                <![CDATA[latest]]>
              </value>
            </param>
            <param index="2">
              <value>
                <![CDATA[local]]>
              </value>
            </param>
            <param index="3">
              <value>
                <![CDATA[public void TestCases.herokuapp_Local.TestLogin(java.lang.String,java.lang.String)]]>
              </value>
            </param>
          </params>
          <reporter-output>
          </reporter-output>
        </test-method> <!-- setup -->
        <test-method signature="TestLogin(java.lang.String,java.lang.String)[pri:1, instance:TestCases.herokuapp_Local@7b9a4292]" started-at="2025-06-29T11:30:28 IST" name="TestLogin" data-provider="loginData" finished-at="2025-06-29T11:30:36 IST" duration-ms="8020" status="PASS">
          <params>
            <param index="0">
              <value>
                <![CDATA[tomsmith]]>
              </value>
            </param>
            <param index="1">
              <value>
                <![CDATA[SuperSecretPassword!]]>
              </value>
            </param>
          </params>
          <reporter-output>
          </reporter-output>
        </test-method> <!-- TestLogin -->
        <test-method is-config="true" signature="teardown(org.testng.ITestResult)[pri:0, instance:TestCases.herokuapp_Local@7b9a4292]" started-at="2025-06-29T11:30:36 IST" name="teardown" finished-at="2025-06-29T11:30:37 IST" duration-ms="572" status="PASS">
          <params>
            <param index="0">
              <value>
                <![CDATA[[TestResult name=TestLogin status=SUCCESS method=herokuapp_Local.TestLogin(java.lang.String,java.lang.String)[pri:1, instance:TestCases.herokuapp_Local@7b9a4292] output={null}]]]>
              </value>
            </param>
          </params>
          <reporter-output>
          </reporter-output>
        </test-method> <!-- teardown -->
        <test-method is-config="true" signature="setup(java.lang.String,java.lang.String,java.lang.String,java.lang.reflect.Method)[pri:0, instance:TestCases.herokuapp_Local@7b9a4292]" started-at="2025-06-29T11:30:37 IST" name="setup" finished-at="2025-06-29T11:30:38 IST" duration-ms="1106" status="PASS">
          <params>
            <param index="0">
              <value>
                <![CDATA[chrome]]>
              </value>
            </param>
            <param index="1">
              <value>
                <![CDATA[latest]]>
              </value>
            </param>
            <param index="2">
              <value>
                <![CDATA[local]]>
              </value>
            </param>
            <param index="3">
              <value>
                <![CDATA[public void TestCases.herokuapp_Local.TestLogin(java.lang.String,java.lang.String)]]>
              </value>
            </param>
          </params>
          <reporter-output>
          </reporter-output>
        </test-method> <!-- setup -->
        <test-method signature="TestLogin(java.lang.String,java.lang.String)[pri:1, instance:TestCases.herokuapp_Local@7b9a4292]" started-at="2025-06-29T11:30:38 IST" name="TestLogin" data-provider="loginData" finished-at="2025-06-29T11:30:44 IST" duration-ms="5424" status="PASS">
          <params>
            <param index="0">
              <value>
                <![CDATA[tomsmith]]>
              </value>
            </param>
            <param index="1">
              <value>
                <![CDATA[SuperSecretPassword!]]>
              </value>
            </param>
          </params>
          <reporter-output>
          </reporter-output>
        </test-method> <!-- TestLogin -->
        <test-method is-config="true" signature="teardown(org.testng.ITestResult)[pri:0, instance:TestCases.herokuapp_Local@7b9a4292]" started-at="2025-06-29T11:30:44 IST" name="teardown" finished-at="2025-06-29T11:30:44 IST" duration-ms="196" status="PASS">
          <params>
            <param index="0">
              <value>
                <![CDATA[[TestResult name=TestLogin status=SUCCESS method=herokuapp_Local.TestLogin(java.lang.String,java.lang.String)[pri:1, instance:TestCases.herokuapp_Local@7b9a4292] output={null}]]]>
              </value>
            </param>
          </params>
          <reporter-output>
          </reporter-output>
        </test-method> <!-- teardown -->
        <test-method is-config="true" signature="setup(java.lang.String,java.lang.String,java.lang.String,java.lang.reflect.Method)[pri:0, instance:TestCases.herokuapp_Local@7b9a4292]" started-at="2025-06-29T11:30:44 IST" name="setup" finished-at="2025-06-29T11:30:45 IST" duration-ms="1037" status="PASS">
          <params>
            <param index="0">
              <value>
                <![CDATA[chrome]]>
              </value>
            </param>
            <param index="1">
              <value>
                <![CDATA[latest]]>
              </value>
            </param>
            <param index="2">
              <value>
                <![CDATA[local]]>
              </value>
            </param>
            <param index="3">
              <value>
                <![CDATA[public void TestCases.herokuapp_Local.TestLogin(java.lang.String,java.lang.String)]]>
              </value>
            </param>
          </params>
          <reporter-output>
          </reporter-output>
        </test-method> <!-- setup -->
        <test-method signature="TestLogin(java.lang.String,java.lang.String)[pri:1, instance:TestCases.herokuapp_Local@7b9a4292]" started-at="2025-06-29T11:30:45 IST" name="TestLogin" data-provider="loginData" finished-at="2025-06-29T11:30:53 IST" duration-ms="7762" status="PASS">
          <params>
            <param index="0">
              <value>
                <![CDATA[tomsmith]]>
              </value>
            </param>
            <param index="1">
              <value>
                <![CDATA[SuperSecretPassword!]]>
              </value>
            </param>
          </params>
          <reporter-output>
          </reporter-output>
        </test-method> <!-- TestLogin -->
        <test-method is-config="true" signature="teardown(org.testng.ITestResult)[pri:0, instance:TestCases.herokuapp_Local@7b9a4292]" started-at="2025-06-29T11:30:53 IST" name="teardown" finished-at="2025-06-29T11:30:53 IST" duration-ms="355" status="PASS">
          <params>
            <param index="0">
              <value>
                <![CDATA[[TestResult name=TestLogin status=SUCCESS method=herokuapp_Local.TestLogin(java.lang.String,java.lang.String)[pri:1, instance:TestCases.herokuapp_Local@7b9a4292] output={null}]]]>
              </value>
            </param>
          </params>
          <reporter-output>
          </reporter-output>
        </test-method> <!-- teardown -->
        <test-method is-config="true" signature="setup(java.lang.String,java.lang.String,java.lang.String,java.lang.reflect.Method)[pri:0, instance:TestCases.herokuapp_Local@7b9a4292]" started-at="2025-06-29T11:30:53 IST" name="setup" finished-at="2025-06-29T11:30:54 IST" duration-ms="1270" status="PASS">
          <params>
            <param index="0">
              <value>
                <![CDATA[chrome]]>
              </value>
            </param>
            <param index="1">
              <value>
                <![CDATA[latest]]>
              </value>
            </param>
            <param index="2">
              <value>
                <![CDATA[local]]>
              </value>
            </param>
            <param index="3">
              <value>
                <![CDATA[public void TestCases.herokuapp_Local.TestLogin(java.lang.String,java.lang.String)]]>
              </value>
            </param>
          </params>
          <reporter-output>
          </reporter-output>
        </test-method> <!-- setup -->
        <test-method signature="TestLogin(java.lang.String,java.lang.String)[pri:1, instance:TestCases.herokuapp_Local@7b9a4292]" started-at="2025-06-29T11:30:54 IST" name="TestLogin" data-provider="loginData" finished-at="2025-06-29T11:31:02 IST" duration-ms="7771" status="PASS">
          <params>
            <param index="0">
              <value>
                <![CDATA[username]]>
              </value>
            </param>
            <param index="1">
              <value>
                <![CDATA[password]]>
              </value>
            </param>
          </params>
          <reporter-output>
          </reporter-output>
        </test-method> <!-- TestLogin -->
        <test-method is-config="true" signature="teardown(org.testng.ITestResult)[pri:0, instance:TestCases.herokuapp_Local@7b9a4292]" started-at="2025-06-29T11:31:02 IST" name="teardown" finished-at="2025-06-29T11:31:02 IST" duration-ms="312" status="PASS">
          <params>
            <param index="0">
              <value>
                <![CDATA[[TestResult name=TestLogin status=SUCCESS method=herokuapp_Local.TestLogin(java.lang.String,java.lang.String)[pri:1, instance:TestCases.herokuapp_Local@7b9a4292] output={null}]]]>
              </value>
            </param>
          </params>
          <reporter-output>
          </reporter-output>
        </test-method> <!-- teardown -->
        <test-method is-config="true" signature="setup(java.lang.String,java.lang.String,java.lang.String,java.lang.reflect.Method)[pri:0, instance:TestCases.herokuapp_Local@7b9a4292]" started-at="2025-06-29T11:31:02 IST" name="setup" finished-at="2025-06-29T11:31:03 IST" duration-ms="1058" status="PASS">
          <params>
            <param index="0">
              <value>
                <![CDATA[chrome]]>
              </value>
            </param>
            <param index="1">
              <value>
                <![CDATA[latest]]>
              </value>
            </param>
            <param index="2">
              <value>
                <![CDATA[local]]>
              </value>
            </param>
            <param index="3">
              <value>
                <![CDATA[public void TestCases.herokuapp_Local.inValidLogin()]]>
              </value>
            </param>
          </params>
          <reporter-output>
          </reporter-output>
        </test-method> <!-- setup -->
        <test-method signature="inValidLogin()[pri:2, instance:TestCases.herokuapp_Local@7b9a4292]" started-at="2025-06-29T11:31:03 IST" name="inValidLogin" finished-at="2025-06-29T11:31:08 IST" duration-ms="5000" status="PASS">
          <reporter-output>
          </reporter-output>
        </test-method> <!-- inValidLogin -->
        <test-method is-config="true" signature="teardown(org.testng.ITestResult)[pri:0, instance:TestCases.herokuapp_Local@7b9a4292]" started-at="2025-06-29T11:31:08 IST" name="teardown" finished-at="2025-06-29T11:31:08 IST" duration-ms="155" status="PASS">
          <params>
            <param index="0">
              <value>
                <![CDATA[[TestResult name=inValidLogin status=SUCCESS method=herokuapp_Local.inValidLogin()[pri:2, instance:TestCases.herokuapp_Local@7b9a4292] output={null}]]]>
              </value>
            </param>
          </params>
          <reporter-output>
          </reporter-output>
        </test-method> <!-- teardown -->
        <test-method is-config="true" signature="setup(java.lang.String,java.lang.String,java.lang.String,java.lang.reflect.Method)[pri:0, instance:TestCases.herokuapp_Local@7b9a4292]" started-at="2025-06-29T11:31:08 IST" name="setup" finished-at="2025-06-29T11:31:10 IST" duration-ms="1018" status="PASS">
          <params>
            <param index="0">
              <value>
                <![CDATA[chrome]]>
              </value>
            </param>
            <param index="1">
              <value>
                <![CDATA[latest]]>
              </value>
            </param>
            <param index="2">
              <value>
                <![CDATA[local]]>
              </value>
            </param>
            <param index="3">
              <value>
                <![CDATA[public void TestCases.herokuapp_Local.JsAlert()]]>
              </value>
            </param>
          </params>
          <reporter-output>
          </reporter-output>
        </test-method> <!-- setup -->
        <test-method signature="JsAlert()[pri:3, instance:TestCases.herokuapp_Local@7b9a4292]" started-at="2025-06-29T11:31:10 IST" name="JsAlert" finished-at="2025-06-29T11:31:14 IST" duration-ms="4075" status="PASS">
          <reporter-output>
          </reporter-output>
        </test-method> <!-- JsAlert -->
        <test-method is-config="true" signature="teardown(org.testng.ITestResult)[pri:0, instance:TestCases.herokuapp_Local@7b9a4292]" started-at="2025-06-29T11:31:14 IST" name="teardown" finished-at="2025-06-29T11:31:14 IST" duration-ms="152" status="PASS">
          <params>
            <param index="0">
              <value>
                <![CDATA[[TestResult name=JsAlert status=SUCCESS method=herokuapp_Local.JsAlert()[pri:3, instance:TestCases.herokuapp_Local@7b9a4292] output={null}]]]>
              </value>
            </param>
          </params>
          <reporter-output>
          </reporter-output>
        </test-method> <!-- teardown -->
      </class> <!-- TestCases.herokuapp_Local -->
    </test> <!-- ChromeTest -->
    <test started-at="2025-06-29T11:30:26 IST" name="edgeTest" finished-at="2025-06-29T11:31:24 IST" duration-ms="58343">
      <class name="TestCases.herokuapp_Local">
        <test-method is-config="true" signature="setupReport()[pri:0, instance:TestCases.herokuapp_Local@42a48628]" started-at="2025-06-29T11:30:25 IST" name="setupReport" finished-at="2025-06-29T11:30:26 IST" duration-ms="256" status="PASS">
          <reporter-output>
          </reporter-output>
        </test-method> <!-- setupReport -->
        <test-method is-config="true" signature="setup(java.lang.String,java.lang.String,java.lang.String,java.lang.reflect.Method)[pri:0, instance:TestCases.herokuapp_Local@42a48628]" started-at="2025-06-29T11:30:26 IST" name="setup" finished-at="2025-06-29T11:30:28 IST" duration-ms="2816" status="PASS">
          <params>
            <param index="0">
              <value>
                <![CDATA[edge]]>
              </value>
            </param>
            <param index="1">
              <value>
                <![CDATA[latest]]>
              </value>
            </param>
            <param index="2">
              <value>
                <![CDATA[local]]>
              </value>
            </param>
            <param index="3">
              <value>
                <![CDATA[public void TestCases.herokuapp_Local.TestLogin(java.lang.String,java.lang.String)]]>
              </value>
            </param>
          </params>
          <reporter-output>
          </reporter-output>
        </test-method> <!-- setup -->
        <test-method signature="TestLogin(java.lang.String,java.lang.String)[pri:1, instance:TestCases.herokuapp_Local@42a48628]" started-at="2025-06-29T11:30:28 IST" name="TestLogin" data-provider="loginData" finished-at="2025-06-29T11:30:40 IST" duration-ms="11528" status="PASS">
          <params>
            <param index="0">
              <value>
                <![CDATA[tomsmith]]>
              </value>
            </param>
            <param index="1">
              <value>
                <![CDATA[SuperSecretPassword!]]>
              </value>
            </param>
          </params>
          <reporter-output>
          </reporter-output>
        </test-method> <!-- TestLogin -->
        <test-method is-config="true" signature="teardown(org.testng.ITestResult)[pri:0, instance:TestCases.herokuapp_Local@42a48628]" started-at="2025-06-29T11:30:40 IST" name="teardown" finished-at="2025-06-29T11:30:40 IST" duration-ms="479" status="PASS">
          <params>
            <param index="0">
              <value>
                <![CDATA[[TestResult name=TestLogin status=SUCCESS method=herokuapp_Local.TestLogin(java.lang.String,java.lang.String)[pri:1, instance:TestCases.herokuapp_Local@42a48628] output={null}]]]>
              </value>
            </param>
          </params>
          <reporter-output>
          </reporter-output>
        </test-method> <!-- teardown -->
        <test-method is-config="true" signature="setup(java.lang.String,java.lang.String,java.lang.String,java.lang.reflect.Method)[pri:0, instance:TestCases.herokuapp_Local@42a48628]" started-at="2025-06-29T11:30:40 IST" name="setup" finished-at="2025-06-29T11:30:42 IST" duration-ms="1449" status="PASS">
          <params>
            <param index="0">
              <value>
                <![CDATA[edge]]>
              </value>
            </param>
            <param index="1">
              <value>
                <![CDATA[latest]]>
              </value>
            </param>
            <param index="2">
              <value>
                <![CDATA[local]]>
              </value>
            </param>
            <param index="3">
              <value>
                <![CDATA[public void TestCases.herokuapp_Local.TestLogin(java.lang.String,java.lang.String)]]>
              </value>
            </param>
          </params>
          <reporter-output>
          </reporter-output>
        </test-method> <!-- setup -->
        <test-method signature="TestLogin(java.lang.String,java.lang.String)[pri:1, instance:TestCases.herokuapp_Local@42a48628]" started-at="2025-06-29T11:30:42 IST" name="TestLogin" data-provider="loginData" finished-at="2025-06-29T11:30:47 IST" duration-ms="4941" status="PASS">
          <params>
            <param index="0">
              <value>
                <![CDATA[tomsmith]]>
              </value>
            </param>
            <param index="1">
              <value>
                <![CDATA[SuperSecretPassword!]]>
              </value>
            </param>
          </params>
          <reporter-output>
          </reporter-output>
        </test-method> <!-- TestLogin -->
        <test-method is-config="true" signature="teardown(org.testng.ITestResult)[pri:0, instance:TestCases.herokuapp_Local@42a48628]" started-at="2025-06-29T11:30:47 IST" name="teardown" finished-at="2025-06-29T11:30:47 IST" duration-ms="274" status="PASS">
          <params>
            <param index="0">
              <value>
                <![CDATA[[TestResult name=TestLogin status=SUCCESS method=herokuapp_Local.TestLogin(java.lang.String,java.lang.String)[pri:1, instance:TestCases.herokuapp_Local@42a48628] output={null}]]]>
              </value>
            </param>
          </params>
          <reporter-output>
          </reporter-output>
        </test-method> <!-- teardown -->
        <test-method is-config="true" signature="setup(java.lang.String,java.lang.String,java.lang.String,java.lang.reflect.Method)[pri:0, instance:TestCases.herokuapp_Local@42a48628]" started-at="2025-06-29T11:30:47 IST" name="setup" finished-at="2025-06-29T11:30:48 IST" duration-ms="1302" status="PASS">
          <params>
            <param index="0">
              <value>
                <![CDATA[edge]]>
              </value>
            </param>
            <param index="1">
              <value>
                <![CDATA[latest]]>
              </value>
            </param>
            <param index="2">
              <value>
                <![CDATA[local]]>
              </value>
            </param>
            <param index="3">
              <value>
                <![CDATA[public void TestCases.herokuapp_Local.TestLogin(java.lang.String,java.lang.String)]]>
              </value>
            </param>
          </params>
          <reporter-output>
          </reporter-output>
        </test-method> <!-- setup -->
        <test-method signature="TestLogin(java.lang.String,java.lang.String)[pri:1, instance:TestCases.herokuapp_Local@42a48628]" started-at="2025-06-29T11:30:48 IST" name="TestLogin" data-provider="loginData" finished-at="2025-06-29T11:30:53 IST" duration-ms="4732" status="PASS">
          <params>
            <param index="0">
              <value>
                <![CDATA[tomsmith]]>
              </value>
            </param>
            <param index="1">
              <value>
                <![CDATA[SuperSecretPassword!]]>
              </value>
            </param>
          </params>
          <reporter-output>
          </reporter-output>
        </test-method> <!-- TestLogin -->
        <test-method is-config="true" signature="teardown(org.testng.ITestResult)[pri:0, instance:TestCases.herokuapp_Local@42a48628]" started-at="2025-06-29T11:30:53 IST" name="teardown" finished-at="2025-06-29T11:30:55 IST" duration-ms="1494" status="PASS">
          <params>
            <param index="0">
              <value>
                <![CDATA[[TestResult name=TestLogin status=SUCCESS method=herokuapp_Local.TestLogin(java.lang.String,java.lang.String)[pri:1, instance:TestCases.herokuapp_Local@42a48628] output={null}]]]>
              </value>
            </param>
          </params>
          <reporter-output>
          </reporter-output>
        </test-method> <!-- teardown -->
        <test-method is-config="true" signature="setup(java.lang.String,java.lang.String,java.lang.String,java.lang.reflect.Method)[pri:0, instance:TestCases.herokuapp_Local@42a48628]" started-at="2025-06-29T11:30:55 IST" name="setup" finished-at="2025-06-29T11:30:56 IST" duration-ms="1277" status="PASS">
          <params>
            <param index="0">
              <value>
                <![CDATA[edge]]>
              </value>
            </param>
            <param index="1">
              <value>
                <![CDATA[latest]]>
              </value>
            </param>
            <param index="2">
              <value>
                <![CDATA[local]]>
              </value>
            </param>
            <param index="3">
              <value>
                <![CDATA[public void TestCases.herokuapp_Local.TestLogin(java.lang.String,java.lang.String)]]>
              </value>
            </param>
          </params>
          <reporter-output>
          </reporter-output>
        </test-method> <!-- setup -->
        <test-method signature="TestLogin(java.lang.String,java.lang.String)[pri:1, instance:TestCases.herokuapp_Local@42a48628]" started-at="2025-06-29T11:30:56 IST" name="TestLogin" data-provider="loginData" finished-at="2025-06-29T11:31:05 IST" duration-ms="8600" status="PASS">
          <params>
            <param index="0">
              <value>
                <![CDATA[username]]>
              </value>
            </param>
            <param index="1">
              <value>
                <![CDATA[password]]>
              </value>
            </param>
          </params>
          <reporter-output>
          </reporter-output>
        </test-method> <!-- TestLogin -->
        <test-method is-config="true" signature="teardown(org.testng.ITestResult)[pri:0, instance:TestCases.herokuapp_Local@42a48628]" started-at="2025-06-29T11:31:05 IST" name="teardown" finished-at="2025-06-29T11:31:05 IST" duration-ms="382" status="PASS">
          <params>
            <param index="0">
              <value>
                <![CDATA[[TestResult name=TestLogin status=SUCCESS method=herokuapp_Local.TestLogin(java.lang.String,java.lang.String)[pri:1, instance:TestCases.herokuapp_Local@42a48628] output={null}]]]>
              </value>
            </param>
          </params>
          <reporter-output>
          </reporter-output>
        </test-method> <!-- teardown -->
        <test-method is-config="true" signature="setup(java.lang.String,java.lang.String,java.lang.String,java.lang.reflect.Method)[pri:0, instance:TestCases.herokuapp_Local@42a48628]" started-at="2025-06-29T11:31:05 IST" name="setup" finished-at="2025-06-29T11:31:06 IST" duration-ms="1445" status="PASS">
          <params>
            <param index="0">
              <value>
                <![CDATA[edge]]>
              </value>
            </param>
            <param index="1">
              <value>
                <![CDATA[latest]]>
              </value>
            </param>
            <param index="2">
              <value>
                <![CDATA[local]]>
              </value>
            </param>
            <param index="3">
              <value>
                <![CDATA[public void TestCases.herokuapp_Local.inValidLogin()]]>
              </value>
            </param>
          </params>
          <reporter-output>
          </reporter-output>
        </test-method> <!-- setup -->
        <test-method signature="inValidLogin()[pri:2, instance:TestCases.herokuapp_Local@42a48628]" started-at="2025-06-29T11:31:06 IST" name="inValidLogin" finished-at="2025-06-29T11:31:12 IST" duration-ms="5412" status="PASS">
          <reporter-output>
          </reporter-output>
        </test-method> <!-- inValidLogin -->
        <test-method is-config="true" signature="teardown(org.testng.ITestResult)[pri:0, instance:TestCases.herokuapp_Local@42a48628]" started-at="2025-06-29T11:31:12 IST" name="teardown" finished-at="2025-06-29T11:31:12 IST" duration-ms="196" status="PASS">
          <params>
            <param index="0">
              <value>
                <![CDATA[[TestResult name=inValidLogin status=SUCCESS method=herokuapp_Local.inValidLogin()[pri:2, instance:TestCases.herokuapp_Local@42a48628] output={null}]]]>
              </value>
            </param>
          </params>
          <reporter-output>
          </reporter-output>
        </test-method> <!-- teardown -->
        <test-method is-config="true" signature="setup(java.lang.String,java.lang.String,java.lang.String,java.lang.reflect.Method)[pri:0, instance:TestCases.herokuapp_Local@42a48628]" started-at="2025-06-29T11:31:12 IST" name="setup" finished-at="2025-06-29T11:31:13 IST" duration-ms="1235" status="PASS">
          <params>
            <param index="0">
              <value>
                <![CDATA[edge]]>
              </value>
            </param>
            <param index="1">
              <value>
                <![CDATA[latest]]>
              </value>
            </param>
            <param index="2">
              <value>
                <![CDATA[local]]>
              </value>
            </param>
            <param index="3">
              <value>
                <![CDATA[public void TestCases.herokuapp_Local.JsAlert()]]>
              </value>
            </param>
          </params>
          <reporter-output>
          </reporter-output>
        </test-method> <!-- setup -->
        <test-method signature="JsAlert()[pri:3, instance:TestCases.herokuapp_Local@42a48628]" started-at="2025-06-29T11:31:13 IST" name="JsAlert" finished-at="2025-06-29T11:31:24 IST" duration-ms="10447" status="PASS">
          <reporter-output>
          </reporter-output>
        </test-method> <!-- JsAlert -->
        <test-method is-config="true" signature="teardown(org.testng.ITestResult)[pri:0, instance:TestCases.herokuapp_Local@42a48628]" started-at="2025-06-29T11:31:24 IST" name="teardown" finished-at="2025-06-29T11:31:24 IST" duration-ms="261" status="PASS">
          <params>
            <param index="0">
              <value>
                <![CDATA[[TestResult name=JsAlert status=SUCCESS method=herokuapp_Local.JsAlert()[pri:3, instance:TestCases.herokuapp_Local@42a48628] output={null}]]]>
              </value>
            </param>
          </params>
          <reporter-output>
          </reporter-output>
        </test-method> <!-- teardown -->
        <test-method is-config="true" signature="generateReport()[pri:0, instance:TestCases.herokuapp_Local@42a48628]" started-at="2025-06-29T11:31:51 IST" name="generateReport" finished-at="2025-06-29T11:31:52 IST" duration-ms="1244" status="PASS">
          <reporter-output>
          </reporter-output>
        </test-method> <!-- generateReport -->
      </class> <!-- TestCases.herokuapp_Local -->
    </test> <!-- edgeTest -->
    <test started-at="2025-06-29T11:30:26 IST" name="FirefoxTest" finished-at="2025-06-29T11:31:51 IST" duration-ms="85570">
      <class name="TestCases.herokuapp_Local">
        <test-method is-config="true" signature="setup(java.lang.String,java.lang.String,java.lang.String,java.lang.reflect.Method)[pri:0, instance:TestCases.herokuapp_Local@7d8995e]" started-at="2025-06-29T11:30:26 IST" name="setup" finished-at="2025-06-29T11:30:31 IST" duration-ms="5128" status="PASS">
          <params>
            <param index="0">
              <value>
                <![CDATA[Firefox]]>
              </value>
            </param>
            <param index="1">
              <value>
                <![CDATA[latest]]>
              </value>
            </param>
            <param index="2">
              <value>
                <![CDATA[local]]>
              </value>
            </param>
            <param index="3">
              <value>
                <![CDATA[public void TestCases.herokuapp_Local.TestLogin(java.lang.String,java.lang.String)]]>
              </value>
            </param>
          </params>
          <reporter-output>
          </reporter-output>
        </test-method> <!-- setup -->
        <test-method signature="TestLogin(java.lang.String,java.lang.String)[pri:1, instance:TestCases.herokuapp_Local@7d8995e]" started-at="2025-06-29T11:30:31 IST" name="TestLogin" data-provider="loginData" finished-at="2025-06-29T11:30:36 IST" duration-ms="5194" status="PASS">
          <params>
            <param index="0">
              <value>
                <![CDATA[tomsmith]]>
              </value>
            </param>
            <param index="1">
              <value>
                <![CDATA[SuperSecretPassword!]]>
              </value>
            </param>
          </params>
          <reporter-output>
          </reporter-output>
        </test-method> <!-- TestLogin -->
        <test-method is-config="true" signature="teardown(org.testng.ITestResult)[pri:0, instance:TestCases.herokuapp_Local@7d8995e]" started-at="2025-06-29T11:30:36 IST" name="teardown" finished-at="2025-06-29T11:30:40 IST" duration-ms="3584" status="PASS">
          <params>
            <param index="0">
              <value>
                <![CDATA[[TestResult name=TestLogin status=SUCCESS method=herokuapp_Local.TestLogin(java.lang.String,java.lang.String)[pri:1, instance:TestCases.herokuapp_Local@7d8995e] output={null}]]]>
              </value>
            </param>
          </params>
          <reporter-output>
          </reporter-output>
        </test-method> <!-- teardown -->
        <test-method is-config="true" signature="setup(java.lang.String,java.lang.String,java.lang.String,java.lang.reflect.Method)[pri:0, instance:TestCases.herokuapp_Local@7d8995e]" started-at="2025-06-29T11:30:40 IST" name="setup" finished-at="2025-06-29T11:30:44 IST" duration-ms="4035" status="PASS">
          <params>
            <param index="0">
              <value>
                <![CDATA[Firefox]]>
              </value>
            </param>
            <param index="1">
              <value>
                <![CDATA[latest]]>
              </value>
            </param>
            <param index="2">
              <value>
                <![CDATA[local]]>
              </value>
            </param>
            <param index="3">
              <value>
                <![CDATA[public void TestCases.herokuapp_Local.TestLogin(java.lang.String,java.lang.String)]]>
              </value>
            </param>
          </params>
          <reporter-output>
          </reporter-output>
        </test-method> <!-- setup -->
        <test-method signature="TestLogin(java.lang.String,java.lang.String)[pri:1, instance:TestCases.herokuapp_Local@7d8995e]" started-at="2025-06-29T11:30:44 IST" name="TestLogin" data-provider="loginData" finished-at="2025-06-29T11:30:49 IST" duration-ms="5134" status="PASS">
          <params>
            <param index="0">
              <value>
                <![CDATA[tomsmith]]>
              </value>
            </param>
            <param index="1">
              <value>
                <![CDATA[SuperSecretPassword!]]>
              </value>
            </param>
          </params>
          <reporter-output>
          </reporter-output>
        </test-method> <!-- TestLogin -->
        <test-method is-config="true" signature="teardown(org.testng.ITestResult)[pri:0, instance:TestCases.herokuapp_Local@7d8995e]" started-at="2025-06-29T11:30:49 IST" name="teardown" finished-at="2025-06-29T11:30:51 IST" duration-ms="2510" status="PASS">
          <params>
            <param index="0">
              <value>
                <![CDATA[[TestResult name=TestLogin status=SUCCESS method=herokuapp_Local.TestLogin(java.lang.String,java.lang.String)[pri:1, instance:TestCases.herokuapp_Local@7d8995e] output={null}]]]>
              </value>
            </param>
          </params>
          <reporter-output>
          </reporter-output>
        </test-method> <!-- teardown -->
        <test-method is-config="true" signature="setup(java.lang.String,java.lang.String,java.lang.String,java.lang.reflect.Method)[pri:0, instance:TestCases.herokuapp_Local@7d8995e]" started-at="2025-06-29T11:30:51 IST" name="setup" finished-at="2025-06-29T11:30:55 IST" duration-ms="3526" status="PASS">
          <params>
            <param index="0">
              <value>
                <![CDATA[Firefox]]>
              </value>
            </param>
            <param index="1">
              <value>
                <![CDATA[latest]]>
              </value>
            </param>
            <param index="2">
              <value>
                <![CDATA[local]]>
              </value>
            </param>
            <param index="3">
              <value>
                <![CDATA[public void TestCases.herokuapp_Local.TestLogin(java.lang.String,java.lang.String)]]>
              </value>
            </param>
          </params>
          <reporter-output>
          </reporter-output>
        </test-method> <!-- setup -->
        <test-method signature="TestLogin(java.lang.String,java.lang.String)[pri:1, instance:TestCases.herokuapp_Local@7d8995e]" started-at="2025-06-29T11:30:55 IST" name="TestLogin" data-provider="loginData" finished-at="2025-06-29T11:31:00 IST" duration-ms="5333" status="PASS">
          <params>
            <param index="0">
              <value>
                <![CDATA[tomsmith]]>
              </value>
            </param>
            <param index="1">
              <value>
                <![CDATA[SuperSecretPassword!]]>
              </value>
            </param>
          </params>
          <reporter-output>
          </reporter-output>
        </test-method> <!-- TestLogin -->
        <test-method is-config="true" signature="teardown(org.testng.ITestResult)[pri:0, instance:TestCases.herokuapp_Local@7d8995e]" started-at="2025-06-29T11:31:00 IST" name="teardown" finished-at="2025-06-29T11:31:03 IST" duration-ms="2920" status="PASS">
          <params>
            <param index="0">
              <value>
                <![CDATA[[TestResult name=TestLogin status=SUCCESS method=herokuapp_Local.TestLogin(java.lang.String,java.lang.String)[pri:1, instance:TestCases.herokuapp_Local@7d8995e] output={null}]]]>
              </value>
            </param>
          </params>
          <reporter-output>
          </reporter-output>
        </test-method> <!-- teardown -->
        <test-method is-config="true" signature="setup(java.lang.String,java.lang.String,java.lang.String,java.lang.reflect.Method)[pri:0, instance:TestCases.herokuapp_Local@7d8995e]" started-at="2025-06-29T11:31:03 IST" name="setup" finished-at="2025-06-29T11:31:07 IST" duration-ms="4162" status="PASS">
          <params>
            <param index="0">
              <value>
                <![CDATA[Firefox]]>
              </value>
            </param>
            <param index="1">
              <value>
                <![CDATA[latest]]>
              </value>
            </param>
            <param index="2">
              <value>
                <![CDATA[local]]>
              </value>
            </param>
            <param index="3">
              <value>
                <![CDATA[public void TestCases.herokuapp_Local.TestLogin(java.lang.String,java.lang.String)]]>
              </value>
            </param>
          </params>
          <reporter-output>
          </reporter-output>
        </test-method> <!-- setup -->
        <test-method signature="TestLogin(java.lang.String,java.lang.String)[pri:1, instance:TestCases.herokuapp_Local@7d8995e]" started-at="2025-06-29T11:31:07 IST" name="TestLogin" data-provider="loginData" finished-at="2025-06-29T11:31:21 IST" duration-ms="13509" status="PASS">
          <params>
            <param index="0">
              <value>
                <![CDATA[username]]>
              </value>
            </param>
            <param index="1">
              <value>
                <![CDATA[password]]>
              </value>
            </param>
          </params>
          <reporter-output>
          </reporter-output>
        </test-method> <!-- TestLogin -->
        <test-method is-config="true" signature="teardown(org.testng.ITestResult)[pri:0, instance:TestCases.herokuapp_Local@7d8995e]" started-at="2025-06-29T11:31:21 IST" name="teardown" finished-at="2025-06-29T11:31:24 IST" duration-ms="2877" status="PASS">
          <params>
            <param index="0">
              <value>
                <![CDATA[[TestResult name=TestLogin status=SUCCESS method=herokuapp_Local.TestLogin(java.lang.String,java.lang.String)[pri:1, instance:TestCases.herokuapp_Local@7d8995e] output={null}]]]>
              </value>
            </param>
          </params>
          <reporter-output>
          </reporter-output>
        </test-method> <!-- teardown -->
        <test-method is-config="true" signature="setup(java.lang.String,java.lang.String,java.lang.String,java.lang.reflect.Method)[pri:0, instance:TestCases.herokuapp_Local@7d8995e]" started-at="2025-06-29T11:31:24 IST" name="setup" finished-at="2025-06-29T11:31:26 IST" duration-ms="2640" status="PASS">
          <params>
            <param index="0">
              <value>
                <![CDATA[Firefox]]>
              </value>
            </param>
            <param index="1">
              <value>
                <![CDATA[latest]]>
              </value>
            </param>
            <param index="2">
              <value>
                <![CDATA[local]]>
              </value>
            </param>
            <param index="3">
              <value>
                <![CDATA[public void TestCases.herokuapp_Local.inValidLogin()]]>
              </value>
            </param>
          </params>
          <reporter-output>
          </reporter-output>
        </test-method> <!-- setup -->
        <test-method signature="inValidLogin()[pri:2, instance:TestCases.herokuapp_Local@7d8995e]" started-at="2025-06-29T11:31:26 IST" name="inValidLogin" finished-at="2025-06-29T11:31:36 IST" duration-ms="9797" status="PASS">
          <reporter-output>
          </reporter-output>
        </test-method> <!-- inValidLogin -->
        <test-method is-config="true" signature="teardown(org.testng.ITestResult)[pri:0, instance:TestCases.herokuapp_Local@7d8995e]" started-at="2025-06-29T11:31:36 IST" name="teardown" finished-at="2025-06-29T11:31:38 IST" duration-ms="2491" status="PASS">
          <params>
            <param index="0">
              <value>
                <![CDATA[[TestResult name=inValidLogin status=SUCCESS method=herokuapp_Local.inValidLogin()[pri:2, instance:TestCases.herokuapp_Local@7d8995e] output={null}]]]>
              </value>
            </param>
          </params>
          <reporter-output>
          </reporter-output>
        </test-method> <!-- teardown -->
        <test-method is-config="true" signature="setup(java.lang.String,java.lang.String,java.lang.String,java.lang.reflect.Method)[pri:0, instance:TestCases.herokuapp_Local@7d8995e]" started-at="2025-06-29T11:31:38 IST" name="setup" finished-at="2025-06-29T11:31:41 IST" duration-ms="2839" status="PASS">
          <params>
            <param index="0">
              <value>
                <![CDATA[Firefox]]>
              </value>
            </param>
            <param index="1">
              <value>
                <![CDATA[latest]]>
              </value>
            </param>
            <param index="2">
              <value>
                <![CDATA[local]]>
              </value>
            </param>
            <param index="3">
              <value>
                <![CDATA[public void TestCases.herokuapp_Local.JsAlert()]]>
              </value>
            </param>
          </params>
          <reporter-output>
          </reporter-output>
        </test-method> <!-- setup -->
        <test-method signature="JsAlert()[pri:3, instance:TestCases.herokuapp_Local@7d8995e]" started-at="2025-06-29T11:31:41 IST" name="JsAlert" finished-at="2025-06-29T11:31:49 IST" duration-ms="7350" status="PASS">
          <reporter-output>
          </reporter-output>
        </test-method> <!-- JsAlert -->
        <test-method is-config="true" signature="teardown(org.testng.ITestResult)[pri:0, instance:TestCases.herokuapp_Local@7d8995e]" started-at="2025-06-29T11:31:49 IST" name="teardown" finished-at="2025-06-29T11:31:51 IST" duration-ms="2450" status="PASS">
          <params>
            <param index="0">
              <value>
                <![CDATA[[TestResult name=JsAlert status=SUCCESS method=herokuapp_Local.JsAlert()[pri:3, instance:TestCases.herokuapp_Local@7d8995e] output={null}]]]>
              </value>
            </param>
          </params>
          <reporter-output>
          </reporter-output>
        </test-method> <!-- teardown -->
      </class> <!-- TestCases.herokuapp_Local -->
    </test> <!-- FirefoxTest -->
  </suite> <!-- CrossBrowserSuite -->
</testng-results>
