<?xml version="1.0" encoding="UTF-8"?>
<testng-results ignored="2" total="3" passed="1" failed="0" skipped="0">
  <reporter-output>
  </reporter-output>
  <suite started-at="2025-05-03T12:43:21 IST" name="Default suite" finished-at="2025-05-03T12:43:26 IST" duration-ms="4556">
    <groups>
    </groups>
    <test started-at="2025-05-03T12:43:21 IST" name="Default test" finished-at="2025-05-03T12:43:26 IST" duration-ms="4556">
      <class name="TestCases.herokuapp_Local">
        <test-method is-config="true" signature="setupReport()[pri:0, instance:TestCases.herokuapp_Local@7f0eb4b4]" started-at="2025-05-03T12:43:21 IST" name="setupReport" finished-at="2025-05-03T12:43:21 IST" duration-ms="154" status="PASS">
          <reporter-output>
          </reporter-output>
        </test-method> <!-- setupReport -->
        <test-method is-config="true" signature="setup(java.lang.String,java.lang.String,java.lang.String,java.lang.reflect.Method)[pri:0, instance:TestCases.herokuapp_Local@7f0eb4b4]" started-at="2025-05-03T12:43:21 IST" name="setup" finished-at="2025-05-03T12:43:22 IST" duration-ms="1100" status="PASS">
          <params>
            <param index="0">
              <value>
                <![CDATA[chrome]]>
              </value>
            </param>
            <param index="1">
              <value>
                <![CDATA[latest]]>
              </value>
            </param>
            <param index="2">
              <value>
                <![CDATA[local]]>
              </value>
            </param>
            <param index="3">
              <value>
                <![CDATA[public void TestCases.herokuapp_Local.JsAlert()]]>
              </value>
            </param>
          </params>
          <reporter-output>
          </reporter-output>
        </test-method> <!-- setup -->
        <test-method signature="JsAlert()[pri:3, instance:TestCases.herokuapp_Local@7f0eb4b4]" started-at="2025-05-03T12:43:22 IST" name="JsAlert" finished-at="2025-05-03T12:43:26 IST" duration-ms="3320" status="PASS">
          <reporter-output>
          </reporter-output>
        </test-method> <!-- JsAlert -->
        <test-method is-config="true" signature="teardown(org.testng.ITestResult)[pri:0, instance:TestCases.herokuapp_Local@7f0eb4b4]" started-at="2025-05-03T12:43:26 IST" name="teardown" finished-at="2025-05-03T12:43:26 IST" duration-ms="119" status="PASS">
          <params>
            <param index="0">
              <value>
                <![CDATA[[TestResult name=JsAlert status=SUCCESS method=herokuapp_Local.JsAlert()[pri:3, instance:TestCases.herokuapp_Local@7f0eb4b4] output={null}]]]>
              </value>
            </param>
          </params>
          <reporter-output>
          </reporter-output>
        </test-method> <!-- teardown -->
        <test-method is-config="true" signature="generateReport()[pri:0, instance:TestCases.herokuapp_Local@7f0eb4b4]" started-at="2025-05-03T12:43:26 IST" name="generateReport" finished-at="2025-05-03T12:43:26 IST" duration-ms="196" status="PASS">
          <reporter-output>
          </reporter-output>
        </test-method> <!-- generateReport -->
      </class> <!-- TestCases.herokuapp_Local -->
    </test> <!-- Default test -->
  </suite> <!-- Default suite -->
</testng-results>
