<?xml version="1.0" encoding="UTF-8"?>
<!-- Generated by org.testng.reporters.JUnitXMLReporter -->
<testsuite ignored="0" hostname="Nishkarsh" failures="0" tests="7" name="FirefoxTest" time="49.704" errors="0" timestamp="2025-06-23T14:42:53 IST">
  <testcase classname="TestCases.herokuapp_Local" name="ValidLogin" time="5.024"/>
  <testcase classname="TestCases.herokuapp_Local" name="ValidLogin" time="4.954"/>
  <testcase classname="TestCases.herokuapp_Local" name="ValidLogin" time="5.039"/>
  <testcase classname="TestCases.herokuapp_Local" name="ValidLogin" time="4.979"/>
  <testcase classname="TestCases.herokuapp_Local" name="ValidLogin" time="5.004"/>
  <testcase classname="TestCases.herokuapp_Local" name="inValidLogin" time="5.004"/>
  <testcase classname="TestCases.herokuapp_Local" name="JsAlert" time="4.197"/>
</testsuite> <!-- FirefoxTest -->
