<?xml version="1.0" encoding="UTF-8"?>
<!-- Generated by org.testng.reporters.JUnitXMLReporter -->
<testsuite ignored="0" hostname="Nishkarsh" failures="0" tests="7" name="FirefoxTest" time="52.266" errors="0" timestamp="2025-06-23T16:57:14 IST">
  <testcase classname="TestCases.herokuapp_Local" name="ValidLogin" time="5.517"/>
  <testcase classname="TestCases.herokuapp_Local" name="ValidLogin" time="4.915"/>
  <testcase classname="TestCases.herokuapp_Local" name="ValidLogin" time="4.951"/>
  <testcase classname="TestCases.herokuapp_Local" name="ValidLogin" time="5.318"/>
  <testcase classname="TestCases.herokuapp_Local" name="ValidLogin" time="5.053"/>
  <testcase classname="TestCases.herokuapp_Local" name="inValidLogin" time="4.97"/>
  <testcase classname="TestCases.herokuapp_Local" name="JsAlert" time="4.57"/>
</testsuite> <!-- FirefoxTest -->
