<?xml version="1.0" encoding="UTF-8"?>
<!-- Generated by org.testng.reporters.JUnitXMLReporter -->
<testsuite ignored="0" hostname="Nishkarsh" failures="0" tests="7" name="safariTest" time="2.398" errors="0" timestamp="2025-06-23T16:56:24 IST">
  <testcase classname="TestCases.herokuapp_Local" name="ValidLogin" time="0.0">
    <skipped/>
  </testcase> <!-- ValidLogin -->
  <testcase classname="TestCases.herokuapp_Local" name="ValidLogin" time="0.0">
    <skipped/>
  </testcase> <!-- ValidLogin -->
  <testcase classname="TestCases.herokuapp_Local" name="ValidLogin" time="0.0">
    <skipped/>
  </testcase> <!-- ValidLogin -->
  <testcase classname="TestCases.herokuapp_Local" name="ValidLogin" time="0.0">
    <skipped/>
  </testcase> <!-- ValidLogin -->
  <testcase classname="TestCases.herokuapp_Local" name="ValidLogin" time="0.0">
    <skipped/>
  </testcase> <!-- ValidLogin -->
  <testcase classname="TestCases.herokuapp_Local" name="inValidLogin" time="0.001">
    <skipped/>
  </testcase> <!-- inValidLogin -->
  <testcase classname="TestCases.herokuapp_Local" name="JsAlert" time="0.0">
    <skipped/>
  </testcase> <!-- JsAlert -->
</testsuite> <!-- safariTest -->
